 [ 2018-07-14 17:30:19 ] | Error -- Страница не найдена | File -- /home/alexey/www/astore.loc/vendor/astore/core/Router.php | Line -- 53
 ======================== 
 [ 2019-01-13 09:54:13 ] | Error -- Контролер App\Controllers\SdfdfdfdfdfController не найден | File -- /home/alexey/www/fw/Core/Router/Router.php | Line -- 47 
 ======================== 
 [ 2019-01-13 12:44:46 ] | Error -- Call to a member function query() on null | File -- /home/alexey/www/fw/Core/DataBase/AbstractModel.php | Line -- 37 
 ======================== 
 [ 2019-01-13 12:46:12 ] | Error -- Call to a member function query() on null | File -- /home/alexey/www/fw/Core/DataBase/AbstractModel.php | Line -- 37 
 ======================== 
 [ 2019-01-13 12:47:58 ] | Error -- Call to a member function query() on null | File -- /home/alexey/www/fw/Core/DataBase/AbstractModel.php | Line -- 37 
 ======================== 
 [ 2019-01-13 12:48:01 ] | Error -- Call to a member function query() on null | File -- /home/alexey/www/fw/Core/DataBase/AbstractModel.php | Line -- 37 
 ======================== 
 [ 2019-01-13 12:52:04 ] | Error -- Call to a member function query() on null | File -- /home/alexey/www/fw/Core/DataBase/AbstractModel.php | Line -- 35 
 ======================== 
 [ 2019-01-13 12:52:07 ] | Error -- Call to a member function query() on null | File -- /home/alexey/www/fw/Core/DataBase/AbstractModel.php | Line -- 35 
 ======================== 
 [ 2019-01-13 12:52:52 ] | Error -- Call to a member function query() on null | File -- /home/alexey/www/fw/Core/DataBase/AbstractModel.php | Line -- 29 
 ======================== 
 [ 2019-01-13 12:53:48 ] | Error -- Call to a member function query() on null | File -- /home/alexey/www/fw/Core/DataBase/AbstractModel.php | Line -- 29 
 ======================== 
 [ 2019-01-13 12:53:51 ] | Error -- Call to a member function query() on null | File -- /home/alexey/www/fw/Core/DataBase/AbstractModel.php | Line -- 29 
 ======================== 
 [ 2019-01-13 13:06:05 ] | Error -- Call to a member function query() on null | File -- /home/alexey/www/fw/Core/DataBase/AbstractModel.php | Line -- 29 
 ======================== 
 [ 2019-01-13 13:06:46 ] | Error -- Call to a member function query() on null | File -- /home/alexey/www/fw/Core/DataBase/AbstractModel.php | Line -- 29 
 ======================== 
 [ 2019-01-13 13:06:46 ] | Error -- Страница не найдена | File -- /home/alexey/www/fw/Core/Router/Router.php | Line -- 51 
 ======================== 
 [ 2019-01-13 13:09:35 ] | Error -- Call to a member function query() on null | File -- /home/alexey/www/fw/Core/DataBase/AbstractModel.php | Line -- 29 
 ======================== 
 [ 2019-01-13 13:09:41 ] | Error -- Call to a member function query() on null | File -- /home/alexey/www/fw/Core/DataBase/AbstractModel.php | Line -- 29 
 ======================== 
 [ 2019-01-13 13:09:41 ] | Error -- Страница не найдена | File -- /home/alexey/www/fw/Core/Router/Router.php | Line -- 51 
 ======================== 
 [ 2019-01-13 13:28:12 ] | Error -- Call to a member function query() on null | File -- /home/alexey/www/fw/Core/DataBase/AbstractModel.php | Line -- 28 
 ======================== 
 [ 2019-01-13 13:29:12 ] | Error -- Call to a member function query() on null | File -- /home/alexey/www/fw/Core/DataBase/AbstractModel.php | Line -- 28 
 ======================== 
 [ 2019-01-13 13:29:16 ] | Error -- Call to a member function query() on null | File -- /home/alexey/www/fw/Core/DataBase/AbstractModel.php | Line -- 28 
 ======================== 
 [ 2019-01-13 13:38:59 ] | Error -- Class 'Core\DataBase\App' not found | File -- /home/alexey/www/fw/Core/DataBase/AbstractModel.php | Line -- 27 
 ======================== 
 [ 2019-01-13 15:01:04 ] | Error -- Метод indexAction в Контролере App\Controllers\PageController не найден | File -- /home/alexey/www/fw/Core/Router/Router.php | Line -- 47 
 ======================== 
 [ 2019-01-13 15:02:19 ] | Error -- Метод indexAction в Контролере App\Controllers\PageController не найден | File -- /home/alexey/www/fw/Core/Router/Router.php | Line -- 45 
 ======================== 
 [ 2019-01-13 15:09:18 ] | Error -- Метод indexAction в Контролере App\Controllers\PageController не найден | File -- /home/alexey/www/fw/Core/Router/Router.php | Line -- 45 
 ======================== 
 [ 2019-01-13 15:10:23 ] | Error -- Метод indexAction в Контролере App\Controllers\PageController не найден | File -- /home/alexey/www/fw/Core/Router/Router.php | Line -- 45 
 ======================== 
 [ 2019-01-13 15:25:29 ] | Error -- Instantiation of 'Closure' is not allowed | File -- /home/alexey/www/fw/Core/Container/Container.php | Line -- 16 
 ======================== 
 [ 2019-01-13 15:29:43 ] | Error -- Instantiation of 'Closure' is not allowed | File -- /home/alexey/www/fw/Core/Container/Container.php | Line -- 16 
 ======================== 
 [ 2019-01-13 15:49:50 ] | Error -- Instantiation of 'Closure' is not allowed | File -- /home/alexey/www/fw/Core/Container/Container.php | Line -- 16 
 ======================== 
 [ 2019-01-13 15:51:07 ] | Error -- Instantiation of 'Closure' is not allowed | File -- /home/alexey/www/fw/Core/Container/Container.php | Line -- 16 
 ======================== 
 [ 2019-01-13 15:51:49 ] | Error -- Instantiation of 'Closure' is not allowed | File -- /home/alexey/www/fw/Core/Container/Container.php | Line -- 16 
 ======================== 
 [ 2019-01-13 15:58:02 ] | Error -- Instantiation of 'Closure' is not allowed | File -- /home/alexey/www/fw/Core/Container/Container.php | Line -- 16 
 ======================== 
 [ 2019-01-13 16:00:10 ] | Error -- Instantiation of 'Closure' is not allowed | File -- /home/alexey/www/fw/Core/Container/Container.php | Line -- 16 
 ======================== 
 [ 2019-01-13 16:08:21 ] | Error -- Class name must be a valid object or a string | File -- /home/alexey/www/fw/Core/Router/Router.php | Line -- 37 
 ======================== 
 