Arguments: 
  /usr/local/bin/node /usr/share/yarn/bin/yarn.js add node-sass

PATH: 
  /home/alexey/bin:/home/alexey/.local/bin:/home/alexey/bin:/home/alexey/.local/bin:/usr/local/sbin:/usr/local/bin:/usr/sbin:/usr/bin:/sbin:/bin:/usr/games:/usr/local/games:/snap/bin:/usr/lib/jvm/java-8-oracle/bin:/usr/lib/jvm/java-8-oracle/db/bin:/usr/lib/jvm/java-8-oracle/jre/bin:/usr/lib/jvm/java-8-oracle/bin:/usr/lib/jvm/java-8-oracle/db/bin:/usr/lib/jvm/java-8-oracle/jre/bin

Yarn version: 
  1.9.4

Node version: 
  11.6.0

Platform: 
  linux x64

Trace: 
  Error: EACCES: permission denied, mkdir '/home/alexey/www/fw/webpack/node_modules/abbrev'

npm manifest: 
  {
    "name": "webpack-starter-config",
    "version": "4.17.2",
    "description": "Simple webpack config",
    "main": "index.js",
    "scripts": {
      "build": "webpack --mode production --colors --progress",
      "start": "webpack --mode development --watch"
    },
    "repository": {
      "type": "git",
      "url": "git+https://github.com/LeeSwagger/webpack-starter.git"
    },
    "keywords": [
      "webpack",
      "es6",
      "es7",
      "babel",
      "sass"
    ],
    "author": "LeeSwagger",
    "license": "MIT",
    "bugs": {
      "url": "https://github.com/LeeSwagger/webpack-starter/issues"
    },
    "homepage": "https://github.com/LeeSwagger/webpack-starter#readme",
    "devDependencies": {
      "@babel/core": "^7.0.0",
      "@babel/plugin-proposal-nullish-coalescing-operator": "^7.0.0",
      "@babel/plugin-proposal-optional-chaining": "^7.0.0",
      "@babel/preset-env": "^7.0.0",
      "autoprefixer": "^9.1.5",
      "babel-loader": "^8.0.2",
      "css-loader": "^1.0.0",
      "cssnano": "^4.1.0",
      "file-loader": "^2.0.0",
      "html-loader": "^0.5.5",
      "html-webpack-plugin": "^3.0.6",
      "image-webpack-loader": "^4.3.1",
      "mini-css-extract-plugin": "^0.4.2",
      "node-sass": "^4.9.3",
      "optimize-css-assets-webpack-plugin": "^5.0.1",
      "postcss-loader": "^3.0.0",
      "rimraf": "^2.6.2",
      "sass-loader": "^7.1.0",
      "style-loader": "^0.23.0",
      "uglifyjs-webpack-plugin": "^1.3.0",
      "webpack": "^4.17.2",
      "webpack-cli": "^3.1.0",
      "webpack-dev-server": "^3.1.8",
      "yargs": "^12.0.2"
    },
    "dependencies": {
      "babel-polyfill": "^6.26.0",
      "bxslider": "^4.2.14",
      "jquery": "^3.3.1",
      "lodash": "^4.17.10",
      "slick-carousel": "^1.8.1"
    }
  }

yarn manifest: 
  No manifest

Lockfile: 
  No lockfile
